<?xml version="1.0" encoding="UTF-8"?>
<!-- Generated by org.testng.reporters.JUnitReportReporter -->
<testsuite hostname="DESKTOP-UU693LN" failures="0" tests="5" name="com.testng.dataprovider.ExcelDataProvider" time="0.034" errors="0" timestamp="2024-07-06T15:00:59 IST" skipped="0">
  <testcase classname="com.testng.dataprovider.ExcelDataProvider" name="sampleOne" time="0.012"/>
  <system-out/>
  <testcase classname="com.testng.dataprovider.ExcelDataProvider" name="sampleOne" time="0.008"/>
  <system-out/>
  <testcase classname="com.testng.dataprovider.ExcelDataProvider" name="sampleOne" time="0.007"/>
  <system-out/>
  <testcase classname="com.testng.dataprovider.ExcelDataProvider" name="sampleOne" time="0.003"/>
  <system-out/>
  <testcase classname="com.testng.dataprovider.ExcelDataProvider" name="sampleOne" time="0.004"/>
  <system-out/>
</testsuite> <!-- com.testng.dataprovider.ExcelDataProvider -->
