<?xml version="1.0" encoding="UTF-8"?>
<!-- Generated by org.testng.reporters.JUnitReportReporter -->
<testsuite hostname="DESKTOP-UU693LN" failures="0" tests="3" name="com.exe.Execution" time="1.084" errors="0" timestamp="2024-06-30T13:54:24 IST" skipped="0">
  <testcase classname="com.exe.Execution" name="username" time="0.191"/>
  <system-out/>
  <testcase classname="com.exe.Execution" name="password" time="0.192"/>
  <system-out/>
  <testcase classname="com.exe.Execution" name="login" time="0.701"/>
  <system-out/>
</testsuite> <!-- com.exe.Execution -->
